<?xml version="1.0" encoding="UTF-8"?>
<!-- Generated by org.testng.reporters.JUnitReportReporter -->
<testsuite hostname="WKS-CST-19" name="ru.greg3d.DoLogin" tests="1" failures="0" timestamp="5 Feb 2016 14:33:59 GMT" time="1.436" errors="0">
  <testcase name="DoLoginTest" time="1.436" classname="ru.greg3d.DoLogin"/>
</testsuite> <!-- ru.greg3d.DoLogin -->
