<?xml version="1.0" encoding="UTF-8"?>
<!-- Generated by org.testng.reporters.JUnitReportReporter -->
<testsuite hostname="Home-Ubuntu" name="ru.greg3d.DoLogin" tests="1" failures="0" timestamp="6 Feb 2016 07:44:50 GMT" time="0.520" errors="0">
  <testcase name="DoLoginTest" time="0.520" classname="ru.greg3d.DoLogin"/>
</testsuite> <!-- ru.greg3d.DoLogin -->
